The system is: Linux - 4.15.0-106-generic - x86_64
Compiling the C compiler identification source file "CMakeCCompilerId.c" succeeded.
Compiler: /usr/bin/cc 
Build flags: 
Id flags:  

The output was:
0


Compilation of the C compiler identification source "CMakeCCompilerId.c" produced "a.out"

The C compiler identification is GNU, found in "/home/sherlock/CLionProjects/common_template_base/cmake-build-debug/CMakeFiles/3.16.5/CompilerIdC/a.out"

Compiling the CXX compiler identification source file "CMakeCXXCompilerId.cpp" succeeded.
Compiler: /usr/bin/c++ 
Build flags: 
Id flags:  

The output was:
0


Compilation of the CXX compiler identification source "CMakeCXXCompilerId.cpp" produced "a.out"

The CXX compiler identification is GNU, found in "/home/sherlock/CLionProjects/common_template_base/cmake-build-debug/CMakeFiles/3.16.5/CompilerIdCXX/a.out"

Determining if the C compiler works passed with the following output:
Change Dir: /home/sherlock/CLionProjects/common_template_base/cmake-build-debug/CMakeFiles/CMakeTmp

Run Build Command(s):/usr/bin/make cmTC_7d630/fast && /usr/bin/make -f CMakeFiles/cmTC_7d630.dir/build.make CMakeFiles/cmTC_7d630.dir/build
make[1]: Entering directory '/home/sherlock/CLionProjects/common_template_base/cmake-build-debug/CMakeFiles/CMakeTmp'
Building C object CMakeFiles/cmTC_7d630.dir/testCCompiler.c.o
/usr/bin/cc    -o CMakeFiles/cmTC_7d630.dir/testCCompiler.c.o   -c /home/sherlock/CLionProjects/common_template_base/cmake-build-debug/CMakeFiles/CMakeTmp/testCCompiler.c
Linking C executable cmTC_7d630
/home/sherlock/softwares/CLion/2020.2/bin/cmake/linux/bin/cmake -E cmake_link_script CMakeFiles/cmTC_7d630.dir/link.txt --verbose=1
/usr/bin/cc      CMakeFiles/cmTC_7d630.dir/testCCompiler.c.o  -o cmTC_7d630 
make[1]: Leaving directory '/home/sherlock/CLionProjects/common_template_base/cmake-build-debug/CMakeFiles/CMakeTmp'



Detecting C compiler ABI info compiled with the following output:
Change Dir: /home/sherlock/CLionProjects/common_template_base/cmake-build-debug/CMakeFiles/CMakeTmp

Run Build Command(s):/usr/bin/make cmTC_8ef0a/fast && /usr/bin/make -f CMakeFiles/cmTC_8ef0a.dir/build.make CMakeFiles/cmTC_8ef0a.dir/build
make[1]: Entering directory '/home/sherlock/CLionProjects/common_template_base/cmake-build-debug/CMakeFiles/CMakeTmp'
Building C object CMakeFiles/cmTC_8ef0a.dir/CMakeCCompilerABI.c.o
/usr/bin/cc   -v -o CMakeFiles/cmTC_8ef0a.dir/CMakeCCompilerABI.c.o   -c /home/sherlock/softwares/CLion/2020.2/bin/cmake/linux/share/cmake-3.16/Modules/CMakeCCompilerABI.c
Using built-in specs.
COLLECT_GCC=/usr/bin/cc
Target: x86_64-linux-gnu
Configured with: ../gcc-10.1.0/configure -v --build=x86_64-linux-gnu --host=x86_64-linux-gnu --target=x86_64-linux-gnu --prefix=/home/sherlock/softwares/gcc/gcc-10/build/gcc-10.1.0 --enable-checking=release --enable-languages=c,c++,go,fortran --disable-multilib --program-suffix=-10.1
Thread model: posix
Supported LTO compression algorithms: zlib
gcc version 10.1.0 (GCC) 
COLLECT_GCC_OPTIONS='-v' '-o' 'CMakeFiles/cmTC_8ef0a.dir/CMakeCCompilerABI.c.o' '-c' '-mtune=generic' '-march=x86-64'
 /home/sherlock/softwares/gcc/gcc-10/build/gcc-10.1.0/libexec/gcc/x86_64-linux-gnu/10.1.0/cc1 -quiet -v -imultiarch x86_64-linux-gnu /home/sherlock/softwares/CLion/2020.2/bin/cmake/linux/share/cmake-3.16/Modules/CMakeCCompilerABI.c -quiet -dumpbase CMakeCCompilerABI.c -mtune=generic -march=x86-64 -auxbase-strip CMakeFiles/cmTC_8ef0a.dir/CMakeCCompilerABI.c.o -version -o /tmp/ccOuuPdw.s
GNU C17 (GCC) version 10.1.0 (x86_64-linux-gnu)
	compiled by GNU C version 10.1.0, GMP version 6.1.0, MPFR version 3.1.4, MPC version 1.0.3, isl version isl-0.18-GMP

GGC heuristics: --param ggc-min-expand=100 --param ggc-min-heapsize=131072
ignoring nonexistent directory "/usr/local/include/x86_64-linux-gnu"
ignoring nonexistent directory "/home/sherlock/softwares/gcc/gcc-10/build/gcc-10.1.0/lib/gcc/x86_64-linux-gnu/10.1.0/../../../../x86_64-linux-gnu/include"
#include "..." search starts here:
#include <...> search starts here:
 /home/sherlock/softwares/gcc/gcc-10/build/gcc-10.1.0/lib/gcc/x86_64-linux-gnu/10.1.0/include
 /usr/local/include
 /home/sherlock/softwares/gcc/gcc-10/build/gcc-10.1.0/include
 /home/sherlock/softwares/gcc/gcc-10/build/gcc-10.1.0/lib/gcc/x86_64-linux-gnu/10.1.0/include-fixed
 /usr/include/x86_64-linux-gnu
 /usr/include
End of search list.
GNU C17 (GCC) version 10.1.0 (x86_64-linux-gnu)
	compiled by GNU C version 10.1.0, GMP version 6.1.0, MPFR version 3.1.4, MPC version 1.0.3, isl version isl-0.18-GMP

GGC heuristics: --param ggc-min-expand=100 --param ggc-min-heapsize=131072
Compiler executable checksum: 66ddfa4dddabb707e21a27262aaba5b3
COLLECT_GCC_OPTIONS='-v' '-o' 'CMakeFiles/cmTC_8ef0a.dir/CMakeCCompilerABI.c.o' '-c' '-mtune=generic' '-march=x86-64'
 as -v --64 -o CMakeFiles/cmTC_8ef0a.dir/CMakeCCompilerABI.c.o /tmp/ccOuuPdw.s
GNU assembler version 2.26.1 (x86_64-linux-gnu) using BFD version (GNU Binutils for Ubuntu) 2.26.1
COMPILER_PATH=/home/sherlock/softwares/gcc/gcc-10/build/gcc-10.1.0/libexec/gcc/x86_64-linux-gnu/10.1.0/:/home/sherlock/softwares/gcc/gcc-10/build/gcc-10.1.0/libexec/gcc/x86_64-linux-gnu/10.1.0/:/home/sherlock/softwares/gcc/gcc-10/build/gcc-10.1.0/libexec/gcc/x86_64-linux-gnu/:/home/sherlock/softwares/gcc/gcc-10/build/gcc-10.1.0/lib/gcc/x86_64-linux-gnu/10.1.0/:/home/sherlock/softwares/gcc/gcc-10/build/gcc-10.1.0/lib/gcc/x86_64-linux-gnu/
LIBRARY_PATH=/home/sherlock/softwares/gcc/gcc-10/build/gcc-10.1.0/lib/gcc/x86_64-linux-gnu/10.1.0/:/home/sherlock/softwares/gcc/gcc-10/build/gcc-10.1.0/lib/gcc/x86_64-linux-gnu/10.1.0/../../../../lib64/:/lib/x86_64-linux-gnu/:/lib/../lib64/:/usr/lib/x86_64-linux-gnu/:/home/sherlock/softwares/gcc/gcc-10/build/gcc-10.1.0/lib/gcc/x86_64-linux-gnu/10.1.0/../../../:/lib/:/usr/lib/
COLLECT_GCC_OPTIONS='-v' '-o' 'CMakeFiles/cmTC_8ef0a.dir/CMakeCCompilerABI.c.o' '-c' '-mtune=generic' '-march=x86-64'
Linking C executable cmTC_8ef0a
/home/sherlock/softwares/CLion/2020.2/bin/cmake/linux/bin/cmake -E cmake_link_script CMakeFiles/cmTC_8ef0a.dir/link.txt --verbose=1
/usr/bin/cc     -v CMakeFiles/cmTC_8ef0a.dir/CMakeCCompilerABI.c.o  -o cmTC_8ef0a 
Using built-in specs.
COLLECT_GCC=/usr/bin/cc
COLLECT_LTO_WRAPPER=/home/sherlock/softwares/gcc/gcc-10/build/gcc-10.1.0/libexec/gcc/x86_64-linux-gnu/10.1.0/lto-wrapper
Target: x86_64-linux-gnu
Configured with: ../gcc-10.1.0/configure -v --build=x86_64-linux-gnu --host=x86_64-linux-gnu --target=x86_64-linux-gnu --prefix=/home/sherlock/softwares/gcc/gcc-10/build/gcc-10.1.0 --enable-checking=release --enable-languages=c,c++,go,fortran --disable-multilib --program-suffix=-10.1
Thread model: posix
Supported LTO compression algorithms: zlib
gcc version 10.1.0 (GCC) 
COMPILER_PATH=/home/sherlock/softwares/gcc/gcc-10/build/gcc-10.1.0/libexec/gcc/x86_64-linux-gnu/10.1.0/:/home/sherlock/softwares/gcc/gcc-10/build/gcc-10.1.0/libexec/gcc/x86_64-linux-gnu/10.1.0/:/home/sherlock/softwares/gcc/gcc-10/build/gcc-10.1.0/libexec/gcc/x86_64-linux-gnu/:/home/sherlock/softwares/gcc/gcc-10/build/gcc-10.1.0/lib/gcc/x86_64-linux-gnu/10.1.0/:/home/sherlock/softwares/gcc/gcc-10/build/gcc-10.1.0/lib/gcc/x86_64-linux-gnu/
LIBRARY_PATH=/home/sherlock/softwares/gcc/gcc-10/build/gcc-10.1.0/lib/gcc/x86_64-linux-gnu/10.1.0/:/home/sherlock/softwares/gcc/gcc-10/build/gcc-10.1.0/lib/gcc/x86_64-linux-gnu/10.1.0/../../../../lib64/:/lib/x86_64-linux-gnu/:/lib/../lib64/:/usr/lib/x86_64-linux-gnu/:/home/sherlock/softwares/gcc/gcc-10/build/gcc-10.1.0/lib/gcc/x86_64-linux-gnu/10.1.0/../../../:/lib/:/usr/lib/
COLLECT_GCC_OPTIONS='-v' '-o' 'cmTC_8ef0a' '-mtune=generic' '-march=x86-64'
 /home/sherlock/softwares/gcc/gcc-10/build/gcc-10.1.0/libexec/gcc/x86_64-linux-gnu/10.1.0/collect2 -plugin /home/sherlock/softwares/gcc/gcc-10/build/gcc-10.1.0/libexec/gcc/x86_64-linux-gnu/10.1.0/liblto_plugin.so -plugin-opt=/home/sherlock/softwares/gcc/gcc-10/build/gcc-10.1.0/libexec/gcc/x86_64-linux-gnu/10.1.0/lto-wrapper -plugin-opt=-fresolution=/tmp/ccKkPilJ.res -plugin-opt=-pass-through=-lgcc -plugin-opt=-pass-through=-lgcc_s -plugin-opt=-pass-through=-lc -plugin-opt=-pass-through=-lgcc -plugin-opt=-pass-through=-lgcc_s --eh-frame-hdr -m elf_x86_64 -dynamic-linker /lib64/ld-linux-x86-64.so.2 -o cmTC_8ef0a /usr/lib/x86_64-linux-gnu/crt1.o /usr/lib/x86_64-linux-gnu/crti.o /home/sherlock/softwares/gcc/gcc-10/build/gcc-10.1.0/lib/gcc/x86_64-linux-gnu/10.1.0/crtbegin.o -L/home/sherlock/softwares/gcc/gcc-10/build/gcc-10.1.0/lib/gcc/x86_64-linux-gnu/10.1.0 -L/home/sherlock/softwares/gcc/gcc-10/build/gcc-10.1.0/lib/gcc/x86_64-linux-gnu/10.1.0/../../../../lib64 -L/lib/x86_64-linux-gnu -L/lib/../lib64 -L/usr/lib/x86_64-linux-gnu -L/home/sherlock/softwares/gcc/gcc-10/build/gcc-10.1.0/lib/gcc/x86_64-linux-gnu/10.1.0/../../.. CMakeFiles/cmTC_8ef0a.dir/CMakeCCompilerABI.c.o -lgcc --as-needed -lgcc_s --no-as-needed -lc -lgcc --as-needed -lgcc_s --no-as-needed /home/sherlock/softwares/gcc/gcc-10/build/gcc-10.1.0/lib/gcc/x86_64-linux-gnu/10.1.0/crtend.o /usr/lib/x86_64-linux-gnu/crtn.o
COLLECT_GCC_OPTIONS='-v' '-o' 'cmTC_8ef0a' '-mtune=generic' '-march=x86-64'
make[1]: Leaving directory '/home/sherlock/CLionProjects/common_template_base/cmake-build-debug/CMakeFiles/CMakeTmp'



Parsed C implicit include dir info from above output: rv=done
  found start of include info
  found start of implicit include info
    add: [/home/sherlock/softwares/gcc/gcc-10/build/gcc-10.1.0/lib/gcc/x86_64-linux-gnu/10.1.0/include]
    add: [/usr/local/include]
    add: [/home/sherlock/softwares/gcc/gcc-10/build/gcc-10.1.0/include]
    add: [/home/sherlock/softwares/gcc/gcc-10/build/gcc-10.1.0/lib/gcc/x86_64-linux-gnu/10.1.0/include-fixed]
    add: [/usr/include/x86_64-linux-gnu]
    add: [/usr/include]
  end of search list found
  collapse include dir [/home/sherlock/softwares/gcc/gcc-10/build/gcc-10.1.0/lib/gcc/x86_64-linux-gnu/10.1.0/include] ==> [/home/sherlock/softwares/gcc/gcc-10/build/gcc-10.1.0/lib/gcc/x86_64-linux-gnu/10.1.0/include]
  collapse include dir [/usr/local/include] ==> [/usr/local/include]
  collapse include dir [/home/sherlock/softwares/gcc/gcc-10/build/gcc-10.1.0/include] ==> [/home/sherlock/softwares/gcc/gcc-10/build/gcc-10.1.0/include]
  collapse include dir [/home/sherlock/softwares/gcc/gcc-10/build/gcc-10.1.0/lib/gcc/x86_64-linux-gnu/10.1.0/include-fixed] ==> [/home/sherlock/softwares/gcc/gcc-10/build/gcc-10.1.0/lib/gcc/x86_64-linux-gnu/10.1.0/include-fixed]
  collapse include dir [/usr/include/x86_64-linux-gnu] ==> [/usr/include/x86_64-linux-gnu]
  collapse include dir [/usr/include] ==> [/usr/include]
  implicit include dirs: [/home/sherlock/softwares/gcc/gcc-10/build/gcc-10.1.0/lib/gcc/x86_64-linux-gnu/10.1.0/include;/usr/local/include;/home/sherlock/softwares/gcc/gcc-10/build/gcc-10.1.0/include;/home/sherlock/softwares/gcc/gcc-10/build/gcc-10.1.0/lib/gcc/x86_64-linux-gnu/10.1.0/include-fixed;/usr/include/x86_64-linux-gnu;/usr/include]


Parsed C implicit link information from above output:
  link line regex: [^( *|.*[/\])(ld|CMAKE_LINK_STARTFILE-NOTFOUND|([^/\]+-)?ld|collect2)[^/\]*( |$)]
  ignore line: [Change Dir: /home/sherlock/CLionProjects/common_template_base/cmake-build-debug/CMakeFiles/CMakeTmp]
  ignore line: []
  ignore line: [Run Build Command(s):/usr/bin/make cmTC_8ef0a/fast && /usr/bin/make -f CMakeFiles/cmTC_8ef0a.dir/build.make CMakeFiles/cmTC_8ef0a.dir/build]
  ignore line: [make[1]: Entering directory '/home/sherlock/CLionProjects/common_template_base/cmake-build-debug/CMakeFiles/CMakeTmp']
  ignore line: [Building C object CMakeFiles/cmTC_8ef0a.dir/CMakeCCompilerABI.c.o]
  ignore line: [/usr/bin/cc   -v -o CMakeFiles/cmTC_8ef0a.dir/CMakeCCompilerABI.c.o   -c /home/sherlock/softwares/CLion/2020.2/bin/cmake/linux/share/cmake-3.16/Modules/CMakeCCompilerABI.c]
  ignore line: [Using built-in specs.]
  ignore line: [COLLECT_GCC=/usr/bin/cc]
  ignore line: [Target: x86_64-linux-gnu]
  ignore line: [Configured with: ../gcc-10.1.0/configure -v --build=x86_64-linux-gnu --host=x86_64-linux-gnu --target=x86_64-linux-gnu --prefix=/home/sherlock/softwares/gcc/gcc-10/build/gcc-10.1.0 --enable-checking=release --enable-languages=c c++ go fortran --disable-multilib --program-suffix=-10.1]
  ignore line: [Thread model: posix]
  ignore line: [Supported LTO compression algorithms: zlib]
  ignore line: [gcc version 10.1.0 (GCC) ]
  ignore line: [COLLECT_GCC_OPTIONS='-v' '-o' 'CMakeFiles/cmTC_8ef0a.dir/CMakeCCompilerABI.c.o' '-c' '-mtune=generic' '-march=x86-64']
  ignore line: [ /home/sherlock/softwares/gcc/gcc-10/build/gcc-10.1.0/libexec/gcc/x86_64-linux-gnu/10.1.0/cc1 -quiet -v -imultiarch x86_64-linux-gnu /home/sherlock/softwares/CLion/2020.2/bin/cmake/linux/share/cmake-3.16/Modules/CMakeCCompilerABI.c -quiet -dumpbase CMakeCCompilerABI.c -mtune=generic -march=x86-64 -auxbase-strip CMakeFiles/cmTC_8ef0a.dir/CMakeCCompilerABI.c.o -version -o /tmp/ccOuuPdw.s]
  ignore line: [GNU C17 (GCC) version 10.1.0 (x86_64-linux-gnu)]
  ignore line: [	compiled by GNU C version 10.1.0  GMP version 6.1.0  MPFR version 3.1.4  MPC version 1.0.3  isl version isl-0.18-GMP]
  ignore line: []
  ignore line: [GGC heuristics: --param ggc-min-expand=100 --param ggc-min-heapsize=131072]
  ignore line: [ignoring nonexistent directory "/usr/local/include/x86_64-linux-gnu"]
  ignore line: [ignoring nonexistent directory "/home/sherlock/softwares/gcc/gcc-10/build/gcc-10.1.0/lib/gcc/x86_64-linux-gnu/10.1.0/../../../../x86_64-linux-gnu/include"]
  ignore line: [#include "..." search starts here:]
  ignore line: [#include <...> search starts here:]
  ignore line: [ /home/sherlock/softwares/gcc/gcc-10/build/gcc-10.1.0/lib/gcc/x86_64-linux-gnu/10.1.0/include]
  ignore line: [ /usr/local/include]
  ignore line: [ /home/sherlock/softwares/gcc/gcc-10/build/gcc-10.1.0/include]
  ignore line: [ /home/sherlock/softwares/gcc/gcc-10/build/gcc-10.1.0/lib/gcc/x86_64-linux-gnu/10.1.0/include-fixed]
  ignore line: [ /usr/include/x86_64-linux-gnu]
  ignore line: [ /usr/include]
  ignore line: [End of search list.]
  ignore line: [GNU C17 (GCC) version 10.1.0 (x86_64-linux-gnu)]
  ignore line: [	compiled by GNU C version 10.1.0  GMP version 6.1.0  MPFR version 3.1.4  MPC version 1.0.3  isl version isl-0.18-GMP]
  ignore line: []
  ignore line: [GGC heuristics: --param ggc-min-expand=100 --param ggc-min-heapsize=131072]
  ignore line: [Compiler executable checksum: 66ddfa4dddabb707e21a27262aaba5b3]
  ignore line: [COLLECT_GCC_OPTIONS='-v' '-o' 'CMakeFiles/cmTC_8ef0a.dir/CMakeCCompilerABI.c.o' '-c' '-mtune=generic' '-march=x86-64']
  ignore line: [ as -v --64 -o CMakeFiles/cmTC_8ef0a.dir/CMakeCCompilerABI.c.o /tmp/ccOuuPdw.s]
  ignore line: [GNU assembler version 2.26.1 (x86_64-linux-gnu) using BFD version (GNU Binutils for Ubuntu) 2.26.1]
  ignore line: [COMPILER_PATH=/home/sherlock/softwares/gcc/gcc-10/build/gcc-10.1.0/libexec/gcc/x86_64-linux-gnu/10.1.0/:/home/sherlock/softwares/gcc/gcc-10/build/gcc-10.1.0/libexec/gcc/x86_64-linux-gnu/10.1.0/:/home/sherlock/softwares/gcc/gcc-10/build/gcc-10.1.0/libexec/gcc/x86_64-linux-gnu/:/home/sherlock/softwares/gcc/gcc-10/build/gcc-10.1.0/lib/gcc/x86_64-linux-gnu/10.1.0/:/home/sherlock/softwares/gcc/gcc-10/build/gcc-10.1.0/lib/gcc/x86_64-linux-gnu/]
  ignore line: [LIBRARY_PATH=/home/sherlock/softwares/gcc/gcc-10/build/gcc-10.1.0/lib/gcc/x86_64-linux-gnu/10.1.0/:/home/sherlock/softwares/gcc/gcc-10/build/gcc-10.1.0/lib/gcc/x86_64-linux-gnu/10.1.0/../../../../lib64/:/lib/x86_64-linux-gnu/:/lib/../lib64/:/usr/lib/x86_64-linux-gnu/:/home/sherlock/softwares/gcc/gcc-10/build/gcc-10.1.0/lib/gcc/x86_64-linux-gnu/10.1.0/../../../:/lib/:/usr/lib/]
  ignore line: [COLLECT_GCC_OPTIONS='-v' '-o' 'CMakeFiles/cmTC_8ef0a.dir/CMakeCCompilerABI.c.o' '-c' '-mtune=generic' '-march=x86-64']
  ignore line: [Linking C executable cmTC_8ef0a]
  ignore line: [/home/sherlock/softwares/CLion/2020.2/bin/cmake/linux/bin/cmake -E cmake_link_script CMakeFiles/cmTC_8ef0a.dir/link.txt --verbose=1]
  ignore line: [/usr/bin/cc     -v CMakeFiles/cmTC_8ef0a.dir/CMakeCCompilerABI.c.o  -o cmTC_8ef0a ]
  ignore line: [Using built-in specs.]
  ignore line: [COLLECT_GCC=/usr/bin/cc]
  ignore line: [COLLECT_LTO_WRAPPER=/home/sherlock/softwares/gcc/gcc-10/build/gcc-10.1.0/libexec/gcc/x86_64-linux-gnu/10.1.0/lto-wrapper]
  ignore line: [Target: x86_64-linux-gnu]
  ignore line: [Configured with: ../gcc-10.1.0/configure -v --build=x86_64-linux-gnu --host=x86_64-linux-gnu --target=x86_64-linux-gnu --prefix=/home/sherlock/softwares/gcc/gcc-10/build/gcc-10.1.0 --enable-checking=release --enable-languages=c c++ go fortran --disable-multilib --program-suffix=-10.1]
  ignore line: [Thread model: posix]
  ignore line: [Supported LTO compression algorithms: zlib]
  ignore line: [gcc version 10.1.0 (GCC) ]
  ignore line: [COMPILER_PATH=/home/sherlock/softwares/gcc/gcc-10/build/gcc-10.1.0/libexec/gcc/x86_64-linux-gnu/10.1.0/:/home/sherlock/softwares/gcc/gcc-10/build/gcc-10.1.0/libexec/gcc/x86_64-linux-gnu/10.1.0/:/home/sherlock/softwares/gcc/gcc-10/build/gcc-10.1.0/libexec/gcc/x86_64-linux-gnu/:/home/sherlock/softwares/gcc/gcc-10/build/gcc-10.1.0/lib/gcc/x86_64-linux-gnu/10.1.0/:/home/sherlock/softwares/gcc/gcc-10/build/gcc-10.1.0/lib/gcc/x86_64-linux-gnu/]
  ignore line: [LIBRARY_PATH=/home/sherlock/softwares/gcc/gcc-10/build/gcc-10.1.0/lib/gcc/x86_64-linux-gnu/10.1.0/:/home/sherlock/softwares/gcc/gcc-10/build/gcc-10.1.0/lib/gcc/x86_64-linux-gnu/10.1.0/../../../../lib64/:/lib/x86_64-linux-gnu/:/lib/../lib64/:/usr/lib/x86_64-linux-gnu/:/home/sherlock/softwares/gcc/gcc-10/build/gcc-10.1.0/lib/gcc/x86_64-linux-gnu/10.1.0/../../../:/lib/:/usr/lib/]
  ignore line: [COLLECT_GCC_OPTIONS='-v' '-o' 'cmTC_8ef0a' '-mtune=generic' '-march=x86-64']
  link line: [ /home/sherlock/softwares/gcc/gcc-10/build/gcc-10.1.0/libexec/gcc/x86_64-linux-gnu/10.1.0/collect2 -plugin /home/sherlock/softwares/gcc/gcc-10/build/gcc-10.1.0/libexec/gcc/x86_64-linux-gnu/10.1.0/liblto_plugin.so -plugin-opt=/home/sherlock/softwares/gcc/gcc-10/build/gcc-10.1.0/libexec/gcc/x86_64-linux-gnu/10.1.0/lto-wrapper -plugin-opt=-fresolution=/tmp/ccKkPilJ.res -plugin-opt=-pass-through=-lgcc -plugin-opt=-pass-through=-lgcc_s -plugin-opt=-pass-through=-lc -plugin-opt=-pass-through=-lgcc -plugin-opt=-pass-through=-lgcc_s --eh-frame-hdr -m elf_x86_64 -dynamic-linker /lib64/ld-linux-x86-64.so.2 -o cmTC_8ef0a /usr/lib/x86_64-linux-gnu/crt1.o /usr/lib/x86_64-linux-gnu/crti.o /home/sherlock/softwares/gcc/gcc-10/build/gcc-10.1.0/lib/gcc/x86_64-linux-gnu/10.1.0/crtbegin.o -L/home/sherlock/softwares/gcc/gcc-10/build/gcc-10.1.0/lib/gcc/x86_64-linux-gnu/10.1.0 -L/home/sherlock/softwares/gcc/gcc-10/build/gcc-10.1.0/lib/gcc/x86_64-linux-gnu/10.1.0/../../../../lib64 -L/lib/x86_64-linux-gnu -L/lib/../lib64 -L/usr/lib/x86_64-linux-gnu -L/home/sherlock/softwares/gcc/gcc-10/build/gcc-10.1.0/lib/gcc/x86_64-linux-gnu/10.1.0/../../.. CMakeFiles/cmTC_8ef0a.dir/CMakeCCompilerABI.c.o -lgcc --as-needed -lgcc_s --no-as-needed -lc -lgcc --as-needed -lgcc_s --no-as-needed /home/sherlock/softwares/gcc/gcc-10/build/gcc-10.1.0/lib/gcc/x86_64-linux-gnu/10.1.0/crtend.o /usr/lib/x86_64-linux-gnu/crtn.o]
    arg [/home/sherlock/softwares/gcc/gcc-10/build/gcc-10.1.0/libexec/gcc/x86_64-linux-gnu/10.1.0/collect2] ==> ignore
    arg [-plugin] ==> ignore
    arg [/home/sherlock/softwares/gcc/gcc-10/build/gcc-10.1.0/libexec/gcc/x86_64-linux-gnu/10.1.0/liblto_plugin.so] ==> ignore
    arg [-plugin-opt=/home/sherlock/softwares/gcc/gcc-10/build/gcc-10.1.0/libexec/gcc/x86_64-linux-gnu/10.1.0/lto-wrapper] ==> ignore
    arg [-plugin-opt=-fresolution=/tmp/ccKkPilJ.res] ==> ignore
    arg [-plugin-opt=-pass-through=-lgcc] ==> ignore
    arg [-plugin-opt=-pass-through=-lgcc_s] ==> ignore
    arg [-plugin-opt=-pass-through=-lc] ==> ignore
    arg [-plugin-opt=-pass-through=-lgcc] ==> ignore
    arg [-plugin-opt=-pass-through=-lgcc_s] ==> ignore
    arg [--eh-frame-hdr] ==> ignore
    arg [-m] ==> ignore
    arg [elf_x86_64] ==> ignore
    arg [-dynamic-linker] ==> ignore
    arg [/lib64/ld-linux-x86-64.so.2] ==> ignore
    arg [-o] ==> ignore
    arg [cmTC_8ef0a] ==> ignore
    arg [/usr/lib/x86_64-linux-gnu/crt1.o] ==> ignore
    arg [/usr/lib/x86_64-linux-gnu/crti.o] ==> ignore
    arg [/home/sherlock/softwares/gcc/gcc-10/build/gcc-10.1.0/lib/gcc/x86_64-linux-gnu/10.1.0/crtbegin.o] ==> ignore
    arg [-L/home/sherlock/softwares/gcc/gcc-10/build/gcc-10.1.0/lib/gcc/x86_64-linux-gnu/10.1.0] ==> dir [/home/sherlock/softwares/gcc/gcc-10/build/gcc-10.1.0/lib/gcc/x86_64-linux-gnu/10.1.0]
    arg [-L/home/sherlock/softwares/gcc/gcc-10/build/gcc-10.1.0/lib/gcc/x86_64-linux-gnu/10.1.0/../../../../lib64] ==> dir [/home/sherlock/softwares/gcc/gcc-10/build/gcc-10.1.0/lib/gcc/x86_64-linux-gnu/10.1.0/../../../../lib64]
    arg [-L/lib/x86_64-linux-gnu] ==> dir [/lib/x86_64-linux-gnu]
    arg [-L/lib/../lib64] ==> dir [/lib/../lib64]
    arg [-L/usr/lib/x86_64-linux-gnu] ==> dir [/usr/lib/x86_64-linux-gnu]
    arg [-L/home/sherlock/softwares/gcc/gcc-10/build/gcc-10.1.0/lib/gcc/x86_64-linux-gnu/10.1.0/../../..] ==> dir [/home/sherlock/softwares/gcc/gcc-10/build/gcc-10.1.0/lib/gcc/x86_64-linux-gnu/10.1.0/../../..]
    arg [CMakeFiles/cmTC_8ef0a.dir/CMakeCCompilerABI.c.o] ==> ignore
    arg [-lgcc] ==> lib [gcc]
    arg [--as-needed] ==> ignore
    arg [-lgcc_s] ==> lib [gcc_s]
    arg [--no-as-needed] ==> ignore
    arg [-lc] ==> lib [c]
    arg [-lgcc] ==> lib [gcc]
    arg [--as-needed] ==> ignore
    arg [-lgcc_s] ==> lib [gcc_s]
    arg [--no-as-needed] ==> ignore
    arg [/home/sherlock/softwares/gcc/gcc-10/build/gcc-10.1.0/lib/gcc/x86_64-linux-gnu/10.1.0/crtend.o] ==> ignore
    arg [/usr/lib/x86_64-linux-gnu/crtn.o] ==> ignore
  collapse library dir [/home/sherlock/softwares/gcc/gcc-10/build/gcc-10.1.0/lib/gcc/x86_64-linux-gnu/10.1.0] ==> [/home/sherlock/softwares/gcc/gcc-10/build/gcc-10.1.0/lib/gcc/x86_64-linux-gnu/10.1.0]
  collapse library dir [/home/sherlock/softwares/gcc/gcc-10/build/gcc-10.1.0/lib/gcc/x86_64-linux-gnu/10.1.0/../../../../lib64] ==> [/home/sherlock/softwares/gcc/gcc-10/build/gcc-10.1.0/lib64]
  collapse library dir [/lib/x86_64-linux-gnu] ==> [/lib/x86_64-linux-gnu]
  collapse library dir [/lib/../lib64] ==> [/lib64]
  collapse library dir [/usr/lib/x86_64-linux-gnu] ==> [/usr/lib/x86_64-linux-gnu]
  collapse library dir [/home/sherlock/softwares/gcc/gcc-10/build/gcc-10.1.0/lib/gcc/x86_64-linux-gnu/10.1.0/../../..] ==> [/home/sherlock/softwares/gcc/gcc-10/build/gcc-10.1.0/lib]
  implicit libs: [gcc;gcc_s;c;gcc;gcc_s]
  implicit dirs: [/home/sherlock/softwares/gcc/gcc-10/build/gcc-10.1.0/lib/gcc/x86_64-linux-gnu/10.1.0;/home/sherlock/softwares/gcc/gcc-10/build/gcc-10.1.0/lib64;/lib/x86_64-linux-gnu;/lib64;/usr/lib/x86_64-linux-gnu;/home/sherlock/softwares/gcc/gcc-10/build/gcc-10.1.0/lib]
  implicit fwks: []


Determining if the CXX compiler works passed with the following output:
Change Dir: /home/sherlock/CLionProjects/common_template_base/cmake-build-debug/CMakeFiles/CMakeTmp

Run Build Command(s):/usr/bin/make cmTC_e46e2/fast && /usr/bin/make -f CMakeFiles/cmTC_e46e2.dir/build.make CMakeFiles/cmTC_e46e2.dir/build
make[1]: Entering directory '/home/sherlock/CLionProjects/common_template_base/cmake-build-debug/CMakeFiles/CMakeTmp'
Building CXX object CMakeFiles/cmTC_e46e2.dir/testCXXCompiler.cxx.o
/usr/bin/c++     -o CMakeFiles/cmTC_e46e2.dir/testCXXCompiler.cxx.o -c /home/sherlock/CLionProjects/common_template_base/cmake-build-debug/CMakeFiles/CMakeTmp/testCXXCompiler.cxx
Linking CXX executable cmTC_e46e2
/home/sherlock/softwares/CLion/2020.2/bin/cmake/linux/bin/cmake -E cmake_link_script CMakeFiles/cmTC_e46e2.dir/link.txt --verbose=1
/usr/bin/c++       CMakeFiles/cmTC_e46e2.dir/testCXXCompiler.cxx.o  -o cmTC_e46e2 
make[1]: Leaving directory '/home/sherlock/CLionProjects/common_template_base/cmake-build-debug/CMakeFiles/CMakeTmp'



Detecting CXX compiler ABI info compiled with the following output:
Change Dir: /home/sherlock/CLionProjects/common_template_base/cmake-build-debug/CMakeFiles/CMakeTmp

Run Build Command(s):/usr/bin/make cmTC_60f38/fast && /usr/bin/make -f CMakeFiles/cmTC_60f38.dir/build.make CMakeFiles/cmTC_60f38.dir/build
make[1]: Entering directory '/home/sherlock/CLionProjects/common_template_base/cmake-build-debug/CMakeFiles/CMakeTmp'
Building CXX object CMakeFiles/cmTC_60f38.dir/CMakeCXXCompilerABI.cpp.o
/usr/bin/c++    -v -o CMakeFiles/cmTC_60f38.dir/CMakeCXXCompilerABI.cpp.o -c /home/sherlock/softwares/CLion/2020.2/bin/cmake/linux/share/cmake-3.16/Modules/CMakeCXXCompilerABI.cpp
Using built-in specs.
COLLECT_GCC=/usr/bin/c++
Target: x86_64-linux-gnu
Configured with: ../gcc-10.1.0/configure -v --build=x86_64-linux-gnu --host=x86_64-linux-gnu --target=x86_64-linux-gnu --prefix=/home/sherlock/softwares/gcc/gcc-10/build/gcc-10.1.0 --enable-checking=release --enable-languages=c,c++,go,fortran --disable-multilib --program-suffix=-10.1
Thread model: posix
Supported LTO compression algorithms: zlib
gcc version 10.1.0 (GCC) 
COLLECT_GCC_OPTIONS='-v' '-o' 'CMakeFiles/cmTC_60f38.dir/CMakeCXXCompilerABI.cpp.o' '-c' '-shared-libgcc' '-mtune=generic' '-march=x86-64'
 /home/sherlock/softwares/gcc/gcc-10/build/gcc-10.1.0/libexec/gcc/x86_64-linux-gnu/10.1.0/cc1plus -quiet -v -imultiarch x86_64-linux-gnu -D_GNU_SOURCE /home/sherlock/softwares/CLion/2020.2/bin/cmake/linux/share/cmake-3.16/Modules/CMakeCXXCompilerABI.cpp -quiet -dumpbase CMakeCXXCompilerABI.cpp -mtune=generic -march=x86-64 -auxbase-strip CMakeFiles/cmTC_60f38.dir/CMakeCXXCompilerABI.cpp.o -version -o /tmp/ccclpnI0.s
GNU C++14 (GCC) version 10.1.0 (x86_64-linux-gnu)
	compiled by GNU C version 10.1.0, GMP version 6.1.0, MPFR version 3.1.4, MPC version 1.0.3, isl version isl-0.18-GMP

GGC heuristics: --param ggc-min-expand=100 --param ggc-min-heapsize=131072
ignoring nonexistent directory "/usr/local/include/x86_64-linux-gnu"
ignoring nonexistent directory "/home/sherlock/softwares/gcc/gcc-10/build/gcc-10.1.0/lib/gcc/x86_64-linux-gnu/10.1.0/../../../../x86_64-linux-gnu/include"
#include "..." search starts here:
#include <...> search starts here:
 /home/sherlock/softwares/gcc/gcc-10/build/gcc-10.1.0/lib/gcc/x86_64-linux-gnu/10.1.0/../../../../include/c++/10.1.0
 /home/sherlock/softwares/gcc/gcc-10/build/gcc-10.1.0/lib/gcc/x86_64-linux-gnu/10.1.0/../../../../include/c++/10.1.0/x86_64-linux-gnu
 /home/sherlock/softwares/gcc/gcc-10/build/gcc-10.1.0/lib/gcc/x86_64-linux-gnu/10.1.0/../../../../include/c++/10.1.0/backward
 /home/sherlock/softwares/gcc/gcc-10/build/gcc-10.1.0/lib/gcc/x86_64-linux-gnu/10.1.0/include
 /usr/local/include
 /home/sherlock/softwares/gcc/gcc-10/build/gcc-10.1.0/include
 /home/sherlock/softwares/gcc/gcc-10/build/gcc-10.1.0/lib/gcc/x86_64-linux-gnu/10.1.0/include-fixed
 /usr/include/x86_64-linux-gnu
 /usr/include
End of search list.
GNU C++14 (GCC) version 10.1.0 (x86_64-linux-gnu)
	compiled by GNU C version 10.1.0, GMP version 6.1.0, MPFR version 3.1.4, MPC version 1.0.3, isl version isl-0.18-GMP

GGC heuristics: --param ggc-min-expand=100 --param ggc-min-heapsize=131072
Compiler executable checksum: 7995aeba699dff52c72a00509fc9e055
COLLECT_GCC_OPTIONS='-v' '-o' 'CMakeFiles/cmTC_60f38.dir/CMakeCXXCompilerABI.cpp.o' '-c' '-shared-libgcc' '-mtune=generic' '-march=x86-64'
 as -v --64 -o CMakeFiles/cmTC_60f38.dir/CMakeCXXCompilerABI.cpp.o /tmp/ccclpnI0.s
GNU assembler version 2.26.1 (x86_64-linux-gnu) using BFD version (GNU Binutils for Ubuntu) 2.26.1
COMPILER_PATH=/home/sherlock/softwares/gcc/gcc-10/build/gcc-10.1.0/libexec/gcc/x86_64-linux-gnu/10.1.0/:/home/sherlock/softwares/gcc/gcc-10/build/gcc-10.1.0/libexec/gcc/x86_64-linux-gnu/10.1.0/:/home/sherlock/softwares/gcc/gcc-10/build/gcc-10.1.0/libexec/gcc/x86_64-linux-gnu/:/home/sherlock/softwares/gcc/gcc-10/build/gcc-10.1.0/lib/gcc/x86_64-linux-gnu/10.1.0/:/home/sherlock/softwares/gcc/gcc-10/build/gcc-10.1.0/lib/gcc/x86_64-linux-gnu/
LIBRARY_PATH=/home/sherlock/softwares/gcc/gcc-10/build/gcc-10.1.0/lib/gcc/x86_64-linux-gnu/10.1.0/:/home/sherlock/softwares/gcc/gcc-10/build/gcc-10.1.0/lib/gcc/x86_64-linux-gnu/10.1.0/../../../../lib64/:/lib/x86_64-linux-gnu/:/lib/../lib64/:/usr/lib/x86_64-linux-gnu/:/home/sherlock/softwares/gcc/gcc-10/build/gcc-10.1.0/lib/gcc/x86_64-linux-gnu/10.1.0/../../../:/lib/:/usr/lib/
COLLECT_GCC_OPTIONS='-v' '-o' 'CMakeFiles/cmTC_60f38.dir/CMakeCXXCompilerABI.cpp.o' '-c' '-shared-libgcc' '-mtune=generic' '-march=x86-64'
Linking CXX executable cmTC_60f38
/home/sherlock/softwares/CLion/2020.2/bin/cmake/linux/bin/cmake -E cmake_link_script CMakeFiles/cmTC_60f38.dir/link.txt --verbose=1
/usr/bin/c++      -v CMakeFiles/cmTC_60f38.dir/CMakeCXXCompilerABI.cpp.o  -o cmTC_60f38 
Using built-in specs.
COLLECT_GCC=/usr/bin/c++
COLLECT_LTO_WRAPPER=/home/sherlock/softwares/gcc/gcc-10/build/gcc-10.1.0/libexec/gcc/x86_64-linux-gnu/10.1.0/lto-wrapper
Target: x86_64-linux-gnu
Configured with: ../gcc-10.1.0/configure -v --build=x86_64-linux-gnu --host=x86_64-linux-gnu --target=x86_64-linux-gnu --prefix=/home/sherlock/softwares/gcc/gcc-10/build/gcc-10.1.0 --enable-checking=release --enable-languages=c,c++,go,fortran --disable-multilib --program-suffix=-10.1
Thread model: posix
Supported LTO compression algorithms: zlib
gcc version 10.1.0 (GCC) 
COMPILER_PATH=/home/sherlock/softwares/gcc/gcc-10/build/gcc-10.1.0/libexec/gcc/x86_64-linux-gnu/10.1.0/:/home/sherlock/softwares/gcc/gcc-10/build/gcc-10.1.0/libexec/gcc/x86_64-linux-gnu/10.1.0/:/home/sherlock/softwares/gcc/gcc-10/build/gcc-10.1.0/libexec/gcc/x86_64-linux-gnu/:/home/sherlock/softwares/gcc/gcc-10/build/gcc-10.1.0/lib/gcc/x86_64-linux-gnu/10.1.0/:/home/sherlock/softwares/gcc/gcc-10/build/gcc-10.1.0/lib/gcc/x86_64-linux-gnu/
LIBRARY_PATH=/home/sherlock/softwares/gcc/gcc-10/build/gcc-10.1.0/lib/gcc/x86_64-linux-gnu/10.1.0/:/home/sherlock/softwares/gcc/gcc-10/build/gcc-10.1.0/lib/gcc/x86_64-linux-gnu/10.1.0/../../../../lib64/:/lib/x86_64-linux-gnu/:/lib/../lib64/:/usr/lib/x86_64-linux-gnu/:/home/sherlock/softwares/gcc/gcc-10/build/gcc-10.1.0/lib/gcc/x86_64-linux-gnu/10.1.0/../../../:/lib/:/usr/lib/
COLLECT_GCC_OPTIONS='-v' '-o' 'cmTC_60f38' '-shared-libgcc' '-mtune=generic' '-march=x86-64'
 /home/sherlock/softwares/gcc/gcc-10/build/gcc-10.1.0/libexec/gcc/x86_64-linux-gnu/10.1.0/collect2 -plugin /home/sherlock/softwares/gcc/gcc-10/build/gcc-10.1.0/libexec/gcc/x86_64-linux-gnu/10.1.0/liblto_plugin.so -plugin-opt=/home/sherlock/softwares/gcc/gcc-10/build/gcc-10.1.0/libexec/gcc/x86_64-linux-gnu/10.1.0/lto-wrapper -plugin-opt=-fresolution=/tmp/cckcSTL9.res -plugin-opt=-pass-through=-lgcc_s -plugin-opt=-pass-through=-lgcc -plugin-opt=-pass-through=-lc -plugin-opt=-pass-through=-lgcc_s -plugin-opt=-pass-through=-lgcc --eh-frame-hdr -m elf_x86_64 -dynamic-linker /lib64/ld-linux-x86-64.so.2 -o cmTC_60f38 /usr/lib/x86_64-linux-gnu/crt1.o /usr/lib/x86_64-linux-gnu/crti.o /home/sherlock/softwares/gcc/gcc-10/build/gcc-10.1.0/lib/gcc/x86_64-linux-gnu/10.1.0/crtbegin.o -L/home/sherlock/softwares/gcc/gcc-10/build/gcc-10.1.0/lib/gcc/x86_64-linux-gnu/10.1.0 -L/home/sherlock/softwares/gcc/gcc-10/build/gcc-10.1.0/lib/gcc/x86_64-linux-gnu/10.1.0/../../../../lib64 -L/lib/x86_64-linux-gnu -L/lib/../lib64 -L/usr/lib/x86_64-linux-gnu -L/home/sherlock/softwares/gcc/gcc-10/build/gcc-10.1.0/lib/gcc/x86_64-linux-gnu/10.1.0/../../.. CMakeFiles/cmTC_60f38.dir/CMakeCXXCompilerABI.cpp.o -lstdc++ -lm -lgcc_s -lgcc -lc -lgcc_s -lgcc /home/sherlock/softwares/gcc/gcc-10/build/gcc-10.1.0/lib/gcc/x86_64-linux-gnu/10.1.0/crtend.o /usr/lib/x86_64-linux-gnu/crtn.o
COLLECT_GCC_OPTIONS='-v' '-o' 'cmTC_60f38' '-shared-libgcc' '-mtune=generic' '-march=x86-64'
make[1]: Leaving directory '/home/sherlock/CLionProjects/common_template_base/cmake-build-debug/CMakeFiles/CMakeTmp'



Parsed CXX implicit include dir info from above output: rv=done
  found start of include info
  found start of implicit include info
    add: [/home/sherlock/softwares/gcc/gcc-10/build/gcc-10.1.0/lib/gcc/x86_64-linux-gnu/10.1.0/../../../../include/c++/10.1.0]
    add: [/home/sherlock/softwares/gcc/gcc-10/build/gcc-10.1.0/lib/gcc/x86_64-linux-gnu/10.1.0/../../../../include/c++/10.1.0/x86_64-linux-gnu]
    add: [/home/sherlock/softwares/gcc/gcc-10/build/gcc-10.1.0/lib/gcc/x86_64-linux-gnu/10.1.0/../../../../include/c++/10.1.0/backward]
    add: [/home/sherlock/softwares/gcc/gcc-10/build/gcc-10.1.0/lib/gcc/x86_64-linux-gnu/10.1.0/include]
    add: [/usr/local/include]
    add: [/home/sherlock/softwares/gcc/gcc-10/build/gcc-10.1.0/include]
    add: [/home/sherlock/softwares/gcc/gcc-10/build/gcc-10.1.0/lib/gcc/x86_64-linux-gnu/10.1.0/include-fixed]
    add: [/usr/include/x86_64-linux-gnu]
    add: [/usr/include]
  end of search list found
  collapse include dir [/home/sherlock/softwares/gcc/gcc-10/build/gcc-10.1.0/lib/gcc/x86_64-linux-gnu/10.1.0/../../../../include/c++/10.1.0] ==> [/home/sherlock/softwares/gcc/gcc-10/build/gcc-10.1.0/include/c++/10.1.0]
  collapse include dir [/home/sherlock/softwares/gcc/gcc-10/build/gcc-10.1.0/lib/gcc/x86_64-linux-gnu/10.1.0/../../../../include/c++/10.1.0/x86_64-linux-gnu] ==> [/home/sherlock/softwares/gcc/gcc-10/build/gcc-10.1.0/include/c++/10.1.0/x86_64-linux-gnu]
  collapse include dir [/home/sherlock/softwares/gcc/gcc-10/build/gcc-10.1.0/lib/gcc/x86_64-linux-gnu/10.1.0/../../../../include/c++/10.1.0/backward] ==> [/home/sherlock/softwares/gcc/gcc-10/build/gcc-10.1.0/include/c++/10.1.0/backward]
  collapse include dir [/home/sherlock/softwares/gcc/gcc-10/build/gcc-10.1.0/lib/gcc/x86_64-linux-gnu/10.1.0/include] ==> [/home/sherlock/softwares/gcc/gcc-10/build/gcc-10.1.0/lib/gcc/x86_64-linux-gnu/10.1.0/include]
  collapse include dir [/usr/local/include] ==> [/usr/local/include]
  collapse include dir [/home/sherlock/softwares/gcc/gcc-10/build/gcc-10.1.0/include] ==> [/home/sherlock/softwares/gcc/gcc-10/build/gcc-10.1.0/include]
  collapse include dir [/home/sherlock/softwares/gcc/gcc-10/build/gcc-10.1.0/lib/gcc/x86_64-linux-gnu/10.1.0/include-fixed] ==> [/home/sherlock/softwares/gcc/gcc-10/build/gcc-10.1.0/lib/gcc/x86_64-linux-gnu/10.1.0/include-fixed]
  collapse include dir [/usr/include/x86_64-linux-gnu] ==> [/usr/include/x86_64-linux-gnu]
  collapse include dir [/usr/include] ==> [/usr/include]
  implicit include dirs: [/home/sherlock/softwares/gcc/gcc-10/build/gcc-10.1.0/include/c++/10.1.0;/home/sherlock/softwares/gcc/gcc-10/build/gcc-10.1.0/include/c++/10.1.0/x86_64-linux-gnu;/home/sherlock/softwares/gcc/gcc-10/build/gcc-10.1.0/include/c++/10.1.0/backward;/home/sherlock/softwares/gcc/gcc-10/build/gcc-10.1.0/lib/gcc/x86_64-linux-gnu/10.1.0/include;/usr/local/include;/home/sherlock/softwares/gcc/gcc-10/build/gcc-10.1.0/include;/home/sherlock/softwares/gcc/gcc-10/build/gcc-10.1.0/lib/gcc/x86_64-linux-gnu/10.1.0/include-fixed;/usr/include/x86_64-linux-gnu;/usr/include]


Parsed CXX implicit link information from above output:
  link line regex: [^( *|.*[/\])(ld|CMAKE_LINK_STARTFILE-NOTFOUND|([^/\]+-)?ld|collect2)[^/\]*( |$)]
  ignore line: [Change Dir: /home/sherlock/CLionProjects/common_template_base/cmake-build-debug/CMakeFiles/CMakeTmp]
  ignore line: []
  ignore line: [Run Build Command(s):/usr/bin/make cmTC_60f38/fast && /usr/bin/make -f CMakeFiles/cmTC_60f38.dir/build.make CMakeFiles/cmTC_60f38.dir/build]
  ignore line: [make[1]: Entering directory '/home/sherlock/CLionProjects/common_template_base/cmake-build-debug/CMakeFiles/CMakeTmp']
  ignore line: [Building CXX object CMakeFiles/cmTC_60f38.dir/CMakeCXXCompilerABI.cpp.o]
  ignore line: [/usr/bin/c++    -v -o CMakeFiles/cmTC_60f38.dir/CMakeCXXCompilerABI.cpp.o -c /home/sherlock/softwares/CLion/2020.2/bin/cmake/linux/share/cmake-3.16/Modules/CMakeCXXCompilerABI.cpp]
  ignore line: [Using built-in specs.]
  ignore line: [COLLECT_GCC=/usr/bin/c++]
  ignore line: [Target: x86_64-linux-gnu]
  ignore line: [Configured with: ../gcc-10.1.0/configure -v --build=x86_64-linux-gnu --host=x86_64-linux-gnu --target=x86_64-linux-gnu --prefix=/home/sherlock/softwares/gcc/gcc-10/build/gcc-10.1.0 --enable-checking=release --enable-languages=c c++ go fortran --disable-multilib --program-suffix=-10.1]
  ignore line: [Thread model: posix]
  ignore line: [Supported LTO compression algorithms: zlib]
  ignore line: [gcc version 10.1.0 (GCC) ]
  ignore line: [COLLECT_GCC_OPTIONS='-v' '-o' 'CMakeFiles/cmTC_60f38.dir/CMakeCXXCompilerABI.cpp.o' '-c' '-shared-libgcc' '-mtune=generic' '-march=x86-64']
  ignore line: [ /home/sherlock/softwares/gcc/gcc-10/build/gcc-10.1.0/libexec/gcc/x86_64-linux-gnu/10.1.0/cc1plus -quiet -v -imultiarch x86_64-linux-gnu -D_GNU_SOURCE /home/sherlock/softwares/CLion/2020.2/bin/cmake/linux/share/cmake-3.16/Modules/CMakeCXXCompilerABI.cpp -quiet -dumpbase CMakeCXXCompilerABI.cpp -mtune=generic -march=x86-64 -auxbase-strip CMakeFiles/cmTC_60f38.dir/CMakeCXXCompilerABI.cpp.o -version -o /tmp/ccclpnI0.s]
  ignore line: [GNU C++14 (GCC) version 10.1.0 (x86_64-linux-gnu)]
  ignore line: [	compiled by GNU C version 10.1.0  GMP version 6.1.0  MPFR version 3.1.4  MPC version 1.0.3  isl version isl-0.18-GMP]
  ignore line: []
  ignore line: [GGC heuristics: --param ggc-min-expand=100 --param ggc-min-heapsize=131072]
  ignore line: [ignoring nonexistent directory "/usr/local/include/x86_64-linux-gnu"]
  ignore line: [ignoring nonexistent directory "/home/sherlock/softwares/gcc/gcc-10/build/gcc-10.1.0/lib/gcc/x86_64-linux-gnu/10.1.0/../../../../x86_64-linux-gnu/include"]
  ignore line: [#include "..." search starts here:]
  ignore line: [#include <...> search starts here:]
  ignore line: [ /home/sherlock/softwares/gcc/gcc-10/build/gcc-10.1.0/lib/gcc/x86_64-linux-gnu/10.1.0/../../../../include/c++/10.1.0]
  ignore line: [ /home/sherlock/softwares/gcc/gcc-10/build/gcc-10.1.0/lib/gcc/x86_64-linux-gnu/10.1.0/../../../../include/c++/10.1.0/x86_64-linux-gnu]
  ignore line: [ /home/sherlock/softwares/gcc/gcc-10/build/gcc-10.1.0/lib/gcc/x86_64-linux-gnu/10.1.0/../../../../include/c++/10.1.0/backward]
  ignore line: [ /home/sherlock/softwares/gcc/gcc-10/build/gcc-10.1.0/lib/gcc/x86_64-linux-gnu/10.1.0/include]
  ignore line: [ /usr/local/include]
  ignore line: [ /home/sherlock/softwares/gcc/gcc-10/build/gcc-10.1.0/include]
  ignore line: [ /home/sherlock/softwares/gcc/gcc-10/build/gcc-10.1.0/lib/gcc/x86_64-linux-gnu/10.1.0/include-fixed]
  ignore line: [ /usr/include/x86_64-linux-gnu]
  ignore line: [ /usr/include]
  ignore line: [End of search list.]
  ignore line: [GNU C++14 (GCC) version 10.1.0 (x86_64-linux-gnu)]
  ignore line: [	compiled by GNU C version 10.1.0  GMP version 6.1.0  MPFR version 3.1.4  MPC version 1.0.3  isl version isl-0.18-GMP]
  ignore line: []
  ignore line: [GGC heuristics: --param ggc-min-expand=100 --param ggc-min-heapsize=131072]
  ignore line: [Compiler executable checksum: 7995aeba699dff52c72a00509fc9e055]
  ignore line: [COLLECT_GCC_OPTIONS='-v' '-o' 'CMakeFiles/cmTC_60f38.dir/CMakeCXXCompilerABI.cpp.o' '-c' '-shared-libgcc' '-mtune=generic' '-march=x86-64']
  ignore line: [ as -v --64 -o CMakeFiles/cmTC_60f38.dir/CMakeCXXCompilerABI.cpp.o /tmp/ccclpnI0.s]
  ignore line: [GNU assembler version 2.26.1 (x86_64-linux-gnu) using BFD version (GNU Binutils for Ubuntu) 2.26.1]
  ignore line: [COMPILER_PATH=/home/sherlock/softwares/gcc/gcc-10/build/gcc-10.1.0/libexec/gcc/x86_64-linux-gnu/10.1.0/:/home/sherlock/softwares/gcc/gcc-10/build/gcc-10.1.0/libexec/gcc/x86_64-linux-gnu/10.1.0/:/home/sherlock/softwares/gcc/gcc-10/build/gcc-10.1.0/libexec/gcc/x86_64-linux-gnu/:/home/sherlock/softwares/gcc/gcc-10/build/gcc-10.1.0/lib/gcc/x86_64-linux-gnu/10.1.0/:/home/sherlock/softwares/gcc/gcc-10/build/gcc-10.1.0/lib/gcc/x86_64-linux-gnu/]
  ignore line: [LIBRARY_PATH=/home/sherlock/softwares/gcc/gcc-10/build/gcc-10.1.0/lib/gcc/x86_64-linux-gnu/10.1.0/:/home/sherlock/softwares/gcc/gcc-10/build/gcc-10.1.0/lib/gcc/x86_64-linux-gnu/10.1.0/../../../../lib64/:/lib/x86_64-linux-gnu/:/lib/../lib64/:/usr/lib/x86_64-linux-gnu/:/home/sherlock/softwares/gcc/gcc-10/build/gcc-10.1.0/lib/gcc/x86_64-linux-gnu/10.1.0/../../../:/lib/:/usr/lib/]
  ignore line: [COLLECT_GCC_OPTIONS='-v' '-o' 'CMakeFiles/cmTC_60f38.dir/CMakeCXXCompilerABI.cpp.o' '-c' '-shared-libgcc' '-mtune=generic' '-march=x86-64']
  ignore line: [Linking CXX executable cmTC_60f38]
  ignore line: [/home/sherlock/softwares/CLion/2020.2/bin/cmake/linux/bin/cmake -E cmake_link_script CMakeFiles/cmTC_60f38.dir/link.txt --verbose=1]
  ignore line: [/usr/bin/c++      -v CMakeFiles/cmTC_60f38.dir/CMakeCXXCompilerABI.cpp.o  -o cmTC_60f38 ]
  ignore line: [Using built-in specs.]
  ignore line: [COLLECT_GCC=/usr/bin/c++]
  ignore line: [COLLECT_LTO_WRAPPER=/home/sherlock/softwares/gcc/gcc-10/build/gcc-10.1.0/libexec/gcc/x86_64-linux-gnu/10.1.0/lto-wrapper]
  ignore line: [Target: x86_64-linux-gnu]
  ignore line: [Configured with: ../gcc-10.1.0/configure -v --build=x86_64-linux-gnu --host=x86_64-linux-gnu --target=x86_64-linux-gnu --prefix=/home/sherlock/softwares/gcc/gcc-10/build/gcc-10.1.0 --enable-checking=release --enable-languages=c c++ go fortran --disable-multilib --program-suffix=-10.1]
  ignore line: [Thread model: posix]
  ignore line: [Supported LTO compression algorithms: zlib]
  ignore line: [gcc version 10.1.0 (GCC) ]
  ignore line: [COMPILER_PATH=/home/sherlock/softwares/gcc/gcc-10/build/gcc-10.1.0/libexec/gcc/x86_64-linux-gnu/10.1.0/:/home/sherlock/softwares/gcc/gcc-10/build/gcc-10.1.0/libexec/gcc/x86_64-linux-gnu/10.1.0/:/home/sherlock/softwares/gcc/gcc-10/build/gcc-10.1.0/libexec/gcc/x86_64-linux-gnu/:/home/sherlock/softwares/gcc/gcc-10/build/gcc-10.1.0/lib/gcc/x86_64-linux-gnu/10.1.0/:/home/sherlock/softwares/gcc/gcc-10/build/gcc-10.1.0/lib/gcc/x86_64-linux-gnu/]
  ignore line: [LIBRARY_PATH=/home/sherlock/softwares/gcc/gcc-10/build/gcc-10.1.0/lib/gcc/x86_64-linux-gnu/10.1.0/:/home/sherlock/softwares/gcc/gcc-10/build/gcc-10.1.0/lib/gcc/x86_64-linux-gnu/10.1.0/../../../../lib64/:/lib/x86_64-linux-gnu/:/lib/../lib64/:/usr/lib/x86_64-linux-gnu/:/home/sherlock/softwares/gcc/gcc-10/build/gcc-10.1.0/lib/gcc/x86_64-linux-gnu/10.1.0/../../../:/lib/:/usr/lib/]
  ignore line: [COLLECT_GCC_OPTIONS='-v' '-o' 'cmTC_60f38' '-shared-libgcc' '-mtune=generic' '-march=x86-64']
  link line: [ /home/sherlock/softwares/gcc/gcc-10/build/gcc-10.1.0/libexec/gcc/x86_64-linux-gnu/10.1.0/collect2 -plugin /home/sherlock/softwares/gcc/gcc-10/build/gcc-10.1.0/libexec/gcc/x86_64-linux-gnu/10.1.0/liblto_plugin.so -plugin-opt=/home/sherlock/softwares/gcc/gcc-10/build/gcc-10.1.0/libexec/gcc/x86_64-linux-gnu/10.1.0/lto-wrapper -plugin-opt=-fresolution=/tmp/cckcSTL9.res -plugin-opt=-pass-through=-lgcc_s -plugin-opt=-pass-through=-lgcc -plugin-opt=-pass-through=-lc -plugin-opt=-pass-through=-lgcc_s -plugin-opt=-pass-through=-lgcc --eh-frame-hdr -m elf_x86_64 -dynamic-linker /lib64/ld-linux-x86-64.so.2 -o cmTC_60f38 /usr/lib/x86_64-linux-gnu/crt1.o /usr/lib/x86_64-linux-gnu/crti.o /home/sherlock/softwares/gcc/gcc-10/build/gcc-10.1.0/lib/gcc/x86_64-linux-gnu/10.1.0/crtbegin.o -L/home/sherlock/softwares/gcc/gcc-10/build/gcc-10.1.0/lib/gcc/x86_64-linux-gnu/10.1.0 -L/home/sherlock/softwares/gcc/gcc-10/build/gcc-10.1.0/lib/gcc/x86_64-linux-gnu/10.1.0/../../../../lib64 -L/lib/x86_64-linux-gnu -L/lib/../lib64 -L/usr/lib/x86_64-linux-gnu -L/home/sherlock/softwares/gcc/gcc-10/build/gcc-10.1.0/lib/gcc/x86_64-linux-gnu/10.1.0/../../.. CMakeFiles/cmTC_60f38.dir/CMakeCXXCompilerABI.cpp.o -lstdc++ -lm -lgcc_s -lgcc -lc -lgcc_s -lgcc /home/sherlock/softwares/gcc/gcc-10/build/gcc-10.1.0/lib/gcc/x86_64-linux-gnu/10.1.0/crtend.o /usr/lib/x86_64-linux-gnu/crtn.o]
    arg [/home/sherlock/softwares/gcc/gcc-10/build/gcc-10.1.0/libexec/gcc/x86_64-linux-gnu/10.1.0/collect2] ==> ignore
    arg [-plugin] ==> ignore
    arg [/home/sherlock/softwares/gcc/gcc-10/build/gcc-10.1.0/libexec/gcc/x86_64-linux-gnu/10.1.0/liblto_plugin.so] ==> ignore
    arg [-plugin-opt=/home/sherlock/softwares/gcc/gcc-10/build/gcc-10.1.0/libexec/gcc/x86_64-linux-gnu/10.1.0/lto-wrapper] ==> ignore
    arg [-plugin-opt=-fresolution=/tmp/cckcSTL9.res] ==> ignore
    arg [-plugin-opt=-pass-through=-lgcc_s] ==> ignore
    arg [-plugin-opt=-pass-through=-lgcc] ==> ignore
    arg [-plugin-opt=-pass-through=-lc] ==> ignore
    arg [-plugin-opt=-pass-through=-lgcc_s] ==> ignore
    arg [-plugin-opt=-pass-through=-lgcc] ==> ignore
    arg [--eh-frame-hdr] ==> ignore
    arg [-m] ==> ignore
    arg [elf_x86_64] ==> ignore
    arg [-dynamic-linker] ==> ignore
    arg [/lib64/ld-linux-x86-64.so.2] ==> ignore
    arg [-o] ==> ignore
    arg [cmTC_60f38] ==> ignore
    arg [/usr/lib/x86_64-linux-gnu/crt1.o] ==> ignore
    arg [/usr/lib/x86_64-linux-gnu/crti.o] ==> ignore
    arg [/home/sherlock/softwares/gcc/gcc-10/build/gcc-10.1.0/lib/gcc/x86_64-linux-gnu/10.1.0/crtbegin.o] ==> ignore
    arg [-L/home/sherlock/softwares/gcc/gcc-10/build/gcc-10.1.0/lib/gcc/x86_64-linux-gnu/10.1.0] ==> dir [/home/sherlock/softwares/gcc/gcc-10/build/gcc-10.1.0/lib/gcc/x86_64-linux-gnu/10.1.0]
    arg [-L/home/sherlock/softwares/gcc/gcc-10/build/gcc-10.1.0/lib/gcc/x86_64-linux-gnu/10.1.0/../../../../lib64] ==> dir [/home/sherlock/softwares/gcc/gcc-10/build/gcc-10.1.0/lib/gcc/x86_64-linux-gnu/10.1.0/../../../../lib64]
    arg [-L/lib/x86_64-linux-gnu] ==> dir [/lib/x86_64-linux-gnu]
    arg [-L/lib/../lib64] ==> dir [/lib/../lib64]
    arg [-L/usr/lib/x86_64-linux-gnu] ==> dir [/usr/lib/x86_64-linux-gnu]
    arg [-L/home/sherlock/softwares/gcc/gcc-10/build/gcc-10.1.0/lib/gcc/x86_64-linux-gnu/10.1.0/../../..] ==> dir [/home/sherlock/softwares/gcc/gcc-10/build/gcc-10.1.0/lib/gcc/x86_64-linux-gnu/10.1.0/../../..]
    arg [CMakeFiles/cmTC_60f38.dir/CMakeCXXCompilerABI.cpp.o] ==> ignore
    arg [-lstdc++] ==> lib [stdc++]
    arg [-lm] ==> lib [m]
    arg [-lgcc_s] ==> lib [gcc_s]
    arg [-lgcc] ==> lib [gcc]
    arg [-lc] ==> lib [c]
    arg [-lgcc_s] ==> lib [gcc_s]
    arg [-lgcc] ==> lib [gcc]
    arg [/home/sherlock/softwares/gcc/gcc-10/build/gcc-10.1.0/lib/gcc/x86_64-linux-gnu/10.1.0/crtend.o] ==> ignore
    arg [/usr/lib/x86_64-linux-gnu/crtn.o] ==> ignore
  collapse library dir [/home/sherlock/softwares/gcc/gcc-10/build/gcc-10.1.0/lib/gcc/x86_64-linux-gnu/10.1.0] ==> [/home/sherlock/softwares/gcc/gcc-10/build/gcc-10.1.0/lib/gcc/x86_64-linux-gnu/10.1.0]
  collapse library dir [/home/sherlock/softwares/gcc/gcc-10/build/gcc-10.1.0/lib/gcc/x86_64-linux-gnu/10.1.0/../../../../lib64] ==> [/home/sherlock/softwares/gcc/gcc-10/build/gcc-10.1.0/lib64]
  collapse library dir [/lib/x86_64-linux-gnu] ==> [/lib/x86_64-linux-gnu]
  collapse library dir [/lib/../lib64] ==> [/lib64]
  collapse library dir [/usr/lib/x86_64-linux-gnu] ==> [/usr/lib/x86_64-linux-gnu]
  collapse library dir [/home/sherlock/softwares/gcc/gcc-10/build/gcc-10.1.0/lib/gcc/x86_64-linux-gnu/10.1.0/../../..] ==> [/home/sherlock/softwares/gcc/gcc-10/build/gcc-10.1.0/lib]
  implicit libs: [stdc++;m;gcc_s;gcc;c;gcc_s;gcc]
  implicit dirs: [/home/sherlock/softwares/gcc/gcc-10/build/gcc-10.1.0/lib/gcc/x86_64-linux-gnu/10.1.0;/home/sherlock/softwares/gcc/gcc-10/build/gcc-10.1.0/lib64;/lib/x86_64-linux-gnu;/lib64;/usr/lib/x86_64-linux-gnu;/home/sherlock/softwares/gcc/gcc-10/build/gcc-10.1.0/lib]
  implicit fwks: []


